<?xml version="1.0" encoding="UTF-8"?>
<testsuite name="WhenPlanningATrip" tests="1" skipped="0" failures="0" errors="0" timestamp="2020-03-20T13:59:48" hostname="CO-IT004456" time="6.003">
  <properties/>
  <testcase name="should_be_able_to_plan_a_trip" classname="WhenPlanningATrip" time="6.003"/>
  <system-out><![CDATA[]]></system-out>
  <system-err><![CDATA[Starting ChromeDriver 80.0.3987.106 (f68069574609230cf9b635cd784cfb1bf81bb53a-refs/branch-heads/3987@{#882}) on port 47632
Only local connections are allowed.
Please protect ports used by ChromeDriver and related test frameworks to prevent access by malicious code.
Mar 20, 2020 8:59:50 AM org.openqa.selenium.remote.ProtocolHandshake createSession
INFO: Detected dialect: W3C
[1584712790.524][SEVERE]: Timed out receiving message from renderer: 0.100
[1584712790.692][SEVERE]: Timed out receiving message from renderer: 0.100
[1584712790.794][SEVERE]: Timed out receiving message from renderer: 0.100
[1584712790.895][SEVERE]: Timed out receiving message from renderer: 0.100
[1584712790.996][SEVERE]: Timed out receiving message from renderer: 0.100
[1584712791.098][SEVERE]: Timed out receiving message from renderer: 0.100
[1584712791.199][SEVERE]: Timed out receiving message from renderer: 0.100
[1584712792.647][SEVERE]: Timed out receiving message from renderer: 0.100
[1584712792.820][SEVERE]: Timed out receiving message from renderer: 0.100
[1584712792.921][SEVERE]: Timed out receiving message from renderer: 0.100
[1584712793.045][SEVERE]: Timed out receiving message from renderer: 0.100
[1584712793.146][SEVERE]: Timed out receiving message from renderer: 0.100
[1584712793.248][SEVERE]: Timed out receiving message from renderer: 0.100
[1584712793.350][SEVERE]: Timed out receiving message from renderer: 0.100
[1584712793.489][SEVERE]: Timed out receiving message from renderer: 0.100
[1584712793.591][SEVERE]: Timed out receiving message from renderer: 0.100
[1584712793.692][SEVERE]: Timed out receiving message from renderer: 0.100
[1584712793.793][SEVERE]: Timed out receiving message from renderer: 0.100
[1584712793.895][SEVERE]: Timed out receiving message from renderer: 0.100
[1584712793.995][SEVERE]: Timed out receiving message from renderer: 0.100
[1584712794.096][SEVERE]: Timed out receiving message from renderer: 0.100
]]></system-err>
</testsuite>
